10/28/2019 6:54:29 PM - Patch My PC Started
10/28/2019 6:54:29 PM - Checking connection to patchmypc.com
10/28/2019 6:54:29 PM - Unable to connect to patchmypc.com. Please verify you have internet connection And try to browse to https://patchmypc.com. Error: The remote name could not be resolved: 'patchmypc.com'
10/28/2019 7:00:10 PM - Patch My PC Started
10/28/2019 7:00:10 PM - Checking connection to patchmypc.com
10/28/2019 7:00:13 PM - Verified connection to patchmypc.com. Status Code: 200
10/28/2019 7:00:13 PM - Getting latest definitions from patchmypc.com
10/28/2019 7:00:13 PM - Definition load completed in: 0.49 seconds
10/28/2019 7:00:13 PM - Microsoft.Win32.TaskScheduler.dll not found in Global Assembly Cache
10/28/2019 7:00:13 PM - Downloading: https://patchmypc.com/freeupdater/applications/taskscheduler/gacutil.exe to C:\Users\Ian\AppData\Roaming\PatchMyPC\gacutil.exe
10/28/2019 7:00:13 PM - Patch My PC version 4.1.0.1 is running. The latest is 4.1.0.3
10/28/2019 7:00:13 PM - Patch My PC Update needed downloading http://patchmypc.com/freeupdater/updates/patchmypc/PatchMyPCUpdater.exe to C:\PatchMyPCUpdates\PatchMyPCUpdater.exe
10/28/2019 7:00:14 PM - Updater found starting process: C:\PatchMyPCUpdates\PatchMyPCUpdater.exe Switches: 
10/28/2019 7:00:14 PM - Closing main PatchMyPC.exe process
10/28/2019 7:00:18 PM - Patch My PC Started
10/28/2019 7:00:18 PM - Checking connection to patchmypc.com
10/28/2019 7:00:18 PM - Verified connection to patchmypc.com. Status Code: 200
10/28/2019 7:00:18 PM - Getting latest definitions from patchmypc.com
10/28/2019 7:00:18 PM - Definition load completed in: 0.33 seconds
10/28/2019 7:00:18 PM - Microsoft.Win32.TaskScheduler.dll not found in Global Assembly Cache
10/28/2019 7:00:18 PM - Downloading: https://patchmypc.com/freeupdater/applications/taskscheduler/gacutil.exe to C:\Users\Ian\AppData\Roaming\PatchMyPC\gacutil.exe
10/28/2019 7:00:18 PM - Patch My PC version 4.1.0.3 is running. The latest is 4.1.0.3
10/28/2019 7:00:18 PM - Performing scan of installed applications
10/28/2019 7:00:18 PM - Downloading: https://patchmypc.com/freeupdater/applications/taskscheduler/gacutil.exe.config to C:\Users\Ian\AppData\Roaming\PatchMyPC\gacutil.exe.config
10/28/2019 7:00:19 PM - CCleaner 5.47 | Latest: 5.63
10/28/2019 7:00:19 PM - Downloading: https://patchmypc.com/freeupdater/applications/taskscheduler/gacutlrc.dll to C:\Users\Ian\AppData\Roaming\PatchMyPC\1033\gacutlrc.dll
10/28/2019 7:00:19 PM - Scan completed in: 0.72 seconds
10/28/2019 7:00:19 PM - Downloading: https://patchmypc.com/freeupdater/applications/taskschedulerv4.0/Microsoft.Win32.TaskScheduler.dll to C:\Users\Ian\AppData\Roaming\PatchMyPC\Microsoft.Win32.TaskScheduler.dll
10/28/2019 7:00:20 PM - Running: C:\Users\Ian\AppData\Roaming\PatchMyPC\gacutil.exe /i C:\Users\Ian\AppData\Roaming\PatchMyPC\Microsoft.Win32.TaskScheduler.dll
10/28/2019 7:18:32 PM - CCleaner 5.47 | Latest: 5.63
