9/13/2019 10:40:00 AM - Patch My PC Started
9/13/2019 10:40:00 AM - Checking connection to patchmypc.com
9/13/2019 10:40:01 AM - Verified connection to patchmypc.com. Status Code: 200
9/13/2019 10:40:01 AM - Getting latest definitions from patchmypc.com
9/13/2019 10:40:01 AM - Definition load completed in: 0.35 seconds
9/13/2019 10:40:01 AM - Microsoft.Win32.TaskScheduler.dll not found in Global Assembly Cache
9/13/2019 10:40:01 AM - Downloading: https://patchmypc.com/freeupdater/applications/taskscheduler/gacutil.exe to C:\Users\Ian Boraks\AppData\Roaming\PatchMyPC\gacutil.exe
9/13/2019 10:40:01 AM - Patch My PC version 4.1.0.1 is running. The latest is 4.1.0.3
9/13/2019 10:40:01 AM - Patch My PC Update needed downloading http://patchmypc.com/freeupdater/updates/patchmypc/PatchMyPCUpdater.exe to C:\PatchMyPCUpdates\PatchMyPCUpdater.exe
9/13/2019 10:40:01 AM - Updater found starting process: C:\PatchMyPCUpdates\PatchMyPCUpdater.exe Switches: 
9/13/2019 10:40:01 AM - Closing main PatchMyPC.exe process
9/13/2019 10:40:01 AM - Downloading: https://patchmypc.com/freeupdater/applications/taskscheduler/gacutil.exe.config to C:\Users\Ian Boraks\AppData\Roaming\PatchMyPC\gacutil.exe.config
9/13/2019 10:40:01 AM - Patch My PC Self Updater 1.0.1.7 Started
9/13/2019 10:40:01 AM - Beta Channel not enabled
9/13/2019 10:40:01 AM - Download URL: https://patchmypc.net/freeupdater/PatchMyPC.exe
9/13/2019 10:40:01 AM - Deleting current Patch My PC File: C:\Users\Ian Boraks\Documents\Github\CPXII-Team-Helix\Windows\BATMAN\Software\PatchMyPC.exe
9/13/2019 10:40:01 AM - Deletion successful
9/13/2019 10:40:02 AM - Starting download of https://patchmypc.net/freeupdater/PatchMyPC.exe
9/13/2019 10:40:04 AM - Download complete
9/13/2019 10:40:04 AM - Starting: C:\Users\Ian Boraks\Documents\Github\CPXII-Team-Helix\Windows\BATMAN\Software\PatchMyPC.exe 
9/13/2019 10:40:04 AM - Patch My PC Self Updater complete now closing
9/13/2019 10:40:05 AM - Patch My PC Started
9/13/2019 10:40:05 AM - Checking connection to patchmypc.com
9/13/2019 10:40:05 AM - Verified connection to patchmypc.com. Status Code: 200
9/13/2019 10:40:05 AM - Getting latest definitions from patchmypc.com
9/13/2019 10:40:06 AM - Definition load completed in: 0.31 seconds
9/13/2019 10:40:06 AM - Microsoft.Win32.TaskScheduler.dll not found in Global Assembly Cache
9/13/2019 10:40:06 AM - Downloading: https://patchmypc.com/freeupdater/applications/taskscheduler/gacutil.exe to C:\Users\Ian Boraks\AppData\Roaming\PatchMyPC\gacutil.exe
9/13/2019 10:40:06 AM - Patch My PC version 4.1.0.3 is running. The latest is 4.1.0.3
9/13/2019 10:40:06 AM - Performing scan of installed applications
9/13/2019 10:40:06 AM - Downloading: https://patchmypc.com/freeupdater/applications/taskscheduler/gacutil.exe.config to C:\Users\Ian Boraks\AppData\Roaming\PatchMyPC\gacutil.exe.config
9/13/2019 10:40:06 AM - Downloading: https://patchmypc.com/freeupdater/applications/taskscheduler/gacutlrc.dll to C:\Users\Ian Boraks\AppData\Roaming\PatchMyPC\1033\gacutlrc.dll
9/13/2019 10:40:06 AM - Downloading: https://patchmypc.com/freeupdater/applications/taskschedulerv4.0/Microsoft.Win32.TaskScheduler.dll to C:\Users\Ian Boraks\AppData\Roaming\PatchMyPC\Microsoft.Win32.TaskScheduler.dll
9/13/2019 10:40:06 AM - Running: C:\Users\Ian Boraks\AppData\Roaming\PatchMyPC\gacutil.exe /i C:\Users\Ian Boraks\AppData\Roaming\PatchMyPC\Microsoft.Win32.TaskScheduler.dll
9/13/2019 10:40:06 AM - Scan completed in: 0.50 seconds
9/13/2019 10:40:08 AM - Error loading Microsoft.Win32.TaskScheduler.dll Could not load file or assembly 'Microsoft.Win32.TaskScheduler, Version=2.5.28.0, Culture=neutral, PublicKeyToken=0d013ddd5178a2ae' or one of its dependencies. The system cannot find the file specified.
9/13/2019 10:40:27 AM - Patch My PC 4.1.0.3 | Definitions: 13-Sep-2019 | 9/13/2019 10:40:27 AM

9/13/2019 10:40:27 AM - OS: Microsoft Windows 10 Pro x64

9/13/2019 10:40:27 AM - 5 App(s) to install or update...
9/13/2019 10:40:27 AM - Download URL: https://github.com/brave/brave-browser/releases/download/v0.68.132/BraveBrowserStandaloneSilentSetup.exe
9/13/2019 10:40:27 AM - Failed to get download information for Brave 76.0.68.132 (x64) Download URL: https://github.com/brave/brave-browser/releases/download/v0.68.132/BraveBrowserStandaloneSilentSetup.exe

9/13/2019 10:40:27 AM - Download URL: https://storage-waterfox.netdna-ssl.com/releases/win64/installer/Waterfox%2056.2.14%20Setup.exe
9/13/2019 10:40:27 AM - Download Path: C:\PatchMyPCUpdates\Waterfox 56.2.14 (x64).exe
9/13/2019 10:40:27 AM - Download size: 72.24 MB
9/13/2019 10:40:27 AM - Download Starting for: https://storage-waterfox.netdna-ssl.com/releases/win64/installer/Waterfox%2056.2.14%20Setup.exe
9/13/2019 10:40:27 AM - Downloading Waterfox 56.2.14 (x64) (72.24 MB)
9/13/2019 10:40:31 AM - Total download time in seconds: 4.03
9/13/2019 10:40:31 AM - Install Command: /S
9/13/2019 10:40:31 AM - Waterfox 56.2.14 (x64) Downloaded Successfully
9/13/2019 10:40:31 AM - Installing Waterfox 56.2.14 (x64) Silently
9/13/2019 10:40:45 AM - Install Successful for Waterfox 56.2.14 (x64)

9/13/2019 10:40:45 AM - Deleted file: C:\PatchMyPCUpdates\Waterfox 56.2.14 (x64).exe
9/13/2019 10:40:45 AM - Download URL: https://1.na.dl.wireshark.org/win64/Wireshark-win64-3.0.4.exe
9/13/2019 10:40:46 AM - Failed to get download information for Wireshark 3.0.4 (x64) Download URL: https://1.na.dl.wireshark.org/win64/Wireshark-win64-3.0.4.exe

9/13/2019 10:40:46 AM - Download URL: https://download.virtualbox.org/virtualbox/6.0.12/VirtualBox-6.0.12-133076-Win.exe
9/13/2019 10:40:46 AM - Download Path: C:\PatchMyPCUpdates\Virtual Box 6.0.12.exe
9/13/2019 10:40:46 AM - Download size: 162.56 MB
9/13/2019 10:40:46 AM - Download Starting for: https://download.virtualbox.org/virtualbox/6.0.12/VirtualBox-6.0.12-133076-Win.exe
9/13/2019 10:40:46 AM - Downloading Virtual Box 6.0.12 (162.56 MB)
9/13/2019 10:40:55 AM - Total download time in seconds: 8.96
9/13/2019 10:40:55 AM - Install Command: --silent --msiparams REBOOT=ReallySuppress
9/13/2019 10:40:55 AM - Virtual Box 6.0.12 Downloaded Successfully
9/13/2019 10:40:55 AM - Installing Virtual Box 6.0.12 Silently
9/13/2019 10:41:30 AM - Install Successful for Virtual Box 6.0.12

9/13/2019 10:41:30 AM - Deleted file: C:\PatchMyPCUpdates\Virtual Box 6.0.12.exe
9/13/2019 10:41:30 AM - Download URL: http://cdn.superantispyware.com/SUPERAntiSpyware.exe
9/13/2019 10:41:30 AM - Download Path: C:\PatchMyPCUpdates\SUPERAntiSpyware 8.0.1042.exe
9/13/2019 10:41:30 AM - Download size: 39.77 MB
9/13/2019 10:41:30 AM - Download Starting for: http://cdn.superantispyware.com/SUPERAntiSpyware.exe
9/13/2019 10:41:30 AM - Downloading SUPERAntiSpyware 8.0.1042 (39.77 MB)
9/13/2019 10:41:33 AM - Total download time in seconds: 2.32
9/13/2019 10:41:33 AM - Install Command: /silent
9/13/2019 10:41:33 AM - SUPERAntiSpyware 8.0.1042 Downloaded Successfully
9/13/2019 10:41:33 AM - Installing SUPERAntiSpyware 8.0.1042 Silently
9/13/2019 10:41:40 AM - Install Complete Exit Code -1073741819

9/13/2019 10:41:40 AM - Deleted file: C:\PatchMyPCUpdates\SUPERAntiSpyware 8.0.1042.exe
9/13/2019 10:41:40 AM - 
Patch My PC Update Complete 9/13/2019 10:41:40 AM
